The image name is ["small-corners.jpg"]
dimensons: H25W25
Dimensions received: H 25 W 25
number of nodes: 4
(0,0),(1,0):0

(0,0),(0,1):0

(1,0),(2,0):0

(1,0),(1,1):0

(2,0),(3,0):0

(0,1),(0,2):0

(3,0),(4,0):0

(3,0),(3,1):0

(4,0),(4,1):0

(0,2),(0,3):0

(4,1),(5,1):0

(24,0),(24,1):0

(4,1),(4,2):0

(24,0),(23,0):0

(0,3),(1,3):0

(24,1),(24,2):0

(5,1),(5,2):0

(24,1),(23,1):0

(4,2),(4,3):0

(24,2),(24,3):0

(4,0),(5,0):0

(24,2),(23,2):0

(1,3),(1,4):0

(23,1),(22,1):0

(5,2),(6,2):0

(24,3),(23,3):0

(1,4),(2,4):0

(23,2),(22,2):0

(1,4),(1,5):0

(22,1),(21,1):0

(6,2),(6,3):0

(23,3),(22,3):0

(2,4),(3,4):0

(22,2),(21,2):0

(21,1),(21,0):


(22,3),(22,4):0

(6,3),(6,4):0

(22,3),(21,3):0

(3,4),(3,5):0

(2,5),(2,6):0

(4,3),(4,4):0

(21,2),(20,2):0

(5,2),(5,3):0

(21,0),(20,0):0

(3,5),(3,6):0

(22,4),(21,4):0

(0,3),(0,4):0

(21,3),(20,3):0

(20,2),(19,2):0

(20,0),(19,0):0

(5,4),(5,5):0

(21,4),(20,4):


(1,3),(2,3):1

(20,3),(19,3):0

(2,3),(2,2):0
(21,1),(20,1):0

(3,1),(3,2):1

(20,4),(19,4):0

(4,3),(3,3):1

(19,3),(18,3):0

(3,5),(4,5):1

(20,4),(20,5):0

(0,5),(0,6):1

(19,4),(18,4):0

(1,1),(1,2):1.414214

(2,0),(2,1):1.41
214

(5,1),(6,1):1.732051

(23,0),(22,0):0

(20,6),(21,6):0
(5,0),(6,0):1.732051

(4,6),(5,6):1.732051

(20,6),(19,6):0

(6,4),(6,5):1.732051

(21,6),(22,6):0

(5,6),(6,6):5.385165

(23,3),(23,4):0

(3,6),(3,7):18.814888

(19,4),(19,5):0

(6,3),(7,3):18.814888

(19,2),(19,1):0

(4,6),(4,7):19.849433

(24,3),(24,4):0

(21,4),(21,5):0

(6,4),(7,4):19.849433

(23,4),(23,5):0

(6,2),(7,2):22.825424

(22,6),(23,6):0

(2,6),(2,7):22.825424

(22,4),(22,5):0

(6,5),(7,5):26.476405

(23,6),(24,6):0

(24,4),(24,5):0

(18,4),(18,5):3.605551

(1,6),(1,7):28.618176

(18,4),(17,4):3.605551

(6,1),(7,1):28.861739

(18,3),(17,3):3.741657

(0,6),(0,7):35.057096

(19,2),(18,2):3.74165


(18,5),(17,5):4.582576

(6,0),(7,0):35.39774

(17,3),(17,2):4.582576

(6,6),(6,7):37.054015

(7,3),(8,3):38.755645

(19,6),(18,6):7

(3,7),(3,8):40.804412

(19,1),(18,1):7

(7,4),(8,4):43.428102

(19,0),(18,0):8.185353

(4,7),(4,8):44.28318
(17,2),(17,1):11.489125

(7,2),(8,2):45.70558
(17,5),(17,6):11.874342

(2,7),(2,8):46.67976

(21,6),(21,7):14.628739

(5,7),(5,8):63.071388

(20,6),(20,7):14.798649

(7,5),(8,5):63.071388

(22,6),(22,7):19.672316

(7,6),(7,7):68.796802

(19,6),(19,7):19.672316

(7,1),(8,1):81.767964

(23,6),(23,7):23.895606

(1,7),(1,8):81.767964

(18,6),(18,7):25.787594

(6,7),(6,8):106.150836

(24,6),(24,7):27.856777

(7,6),(8,6):109.041277

(18,0),(17,0):29.017236

(20,7),(20,8):30.675723

(8,0),(9,0):116.781848

(21,7),(21,8):31.080541

(10,0),(10,1):2.828427

(17,4),(16,4):32.388269

(17,3),(16,3):32.741411

(19,7),(19,8):39.837169
(10,2),(10,3):2.828427

(17,5),(16,5):39.837169

(10,3),(10,4):2.236068

(17,2),(16,2):40.422766

(10,4),(10,5):5.656854

(17,6),(17,7):43.497126

(22,7),(22,8):50.0999

(23,7),(23,8):50.83306

(17,6),(16,6):56.071383

(17,1),(16,1):56.071383

(24,7),(24,8):71.175839

(16,3),(15,3):85.358069

(16,4),(15,4):86.729464

(10,5),(10,6):9.219544

(18,7),(18,8):95.010526

(10,6),(10,7):7.071068

(16,2),(15,2):121.688126

(10,7),(10,8):7.071068

(16,5),(15,5):122.396895

(10,8),(11,8):2.44949

(11,8),(11,9):0

(17,7),(16,7):127.239931

(11,8),(12,8):1

(17,7),(17,8):130.648383

(12,8),(12,7):0

(17,8),(17,9):134.85177

(12,7),(12,6):0

(12,6),(12,5):0

(12,5),(12,4):0

(12,4),(12,3):0

(12,3),(12,2):0

(12,2),(12,1):0

(12,1),(12,0):0

(12,8),(13,8):1

(11,9),(11,10):1

(11,10),(12,10):0

(11,10),(11,11):0

(11,10),(10,10):0

(12,10),(13,10):0

(12,10),(12,11):0

(11,11),(11,12):0

(11,11),(10,11):0

(10,10),(9,10):0

(13,10),(14,10):0

(11,12),(10,12):0

(10,11),(9,11):0

(10,12),(9,12):0

(9,11),(8,11):0

(9,12),(9,13):0

(9,12),(8,12):0

(8,11),(7,11):0

(9,13),(9,14):0

(8,12),(7,12):0

(7,11),(6,11):0

(9,14),(10,14):0

(7,12),(6,12):0

(6,11),(5,11):0

(10,14),(11,14):0

(5,11),(4,11):0

(11,14),(12,14):0

(11,14),(11,15):0

(4,11),(3,11):0

(12,14),(12,13):0

(12,14),(13,14):0

(12,14),(12,15):0

(11,15),(11,16):0

(9,10),(9,9):0

(14,10),(14,9):0

(14,10),(14,11):0

(10,12),(10,13):0

(12,15),(12,16):0

(13,10),(13,11):0

(12,11),(12,12):0

(11,12),(11,13):0

(14,11),(15,11):0

(13,11),(13,12):0

(12,16),(13,16):0

(11,16),(11,17):0

(15,11),(15,12):0

(15,11),(16,11):0

(3,11),(3,12):0

(3,11),(2,11):0

(14,11),(14,12):0

(12,16),(12,17):0

(15,12),(16,12):0

(2,11),(1,11):0

(14,12),(14,13):0

(12,17),(12,18):0

(16,12),(17,12):0

(16,12),(16,13):0

(1,11),(1,12):0

(1,11),(0,11):0

(17,9),(16,9):37.48333

(12,18),(12,19):0

(17,9),(17,10):41.012193

(17,12),(17,13):0

(17,10),(18,10):6.403124

(16,13),(16,14):0

(18,10),(19,10):3.605551

(1,12),(0,12):0

(19,10),(20,10):2.828427

(17,13),(17,14):0

(20,10),(21,10):1

(16,14),(15,14):0

(21,10),(22,10):3.162278

(17,12),(18,12):0

(22,10),(23,10):2

(12,19),(12,20):0

(23,10),(24,10):2.236068

(12,19),(11,19):0

(24,10),(24,11):12.727922

(18,12),(19,12):0

(24,11),(24,12):0

(24,12),(24,13):0

(24,13),(23,13):0

(12,20),(11,20):0

(19,12),(20,12):0

(23,13),(23,14):0
(19,12),(19,13):0

(12,21),(12,22):0

(23,14),(22,14):0
(12,21),(11,21):0

(20,12),(20,13):0

(20,12),(21,12):0

(12,22),(12,23):0

(12,22),(11,22):0

(20,13),(20,14):0

(12,23),(12,24):0

(12,23),(11,23):0

(17,13),(18,13):0

(16,11),(17,11):0

(3,12),(2,12):0

(0,24),(0,23):0

(15,12),(15,13):0

(0,24),(1,24):0

(12,13),(13,13):0

(0,23),(0,22):0

(13,14),(13,15):0

(11,17),(11,18):0

(13,16),(14,16):0

(13,15),(14,15):0

(13,14),(14,14):0

(10,14),(10,15):1

(9,13),(8,13):1

(19,13),(19,14):1

(12,24),(11,24):1

(17,14),(18,14):1

(13,8),(13,9):1

(11,9),(12,9):1

(4,11),(4,12):2

(13,16),(13,17):2

(14,10),(15,10):2

(15,14),(15,15):2

(13,8),(14,8):2

(9,14),(8,14):2.236068

(7,12),(7,13):2.236068

(12,7),(13,7):2.236068

(9,10),(8,10):2.236068

(10,8),(10,9):2.44949

(12,0),(13,0):2.828427

(9,14),(9,15):3.162278

(11,16),(10,16):3.162278

(0,12),(0,13):3.162278

(6,12),(5,12):3.316625

(14,8),(14,7):3.605551

(16,11),(16,10):3.605551

(6,12),(6,13):4.123106

(2,12),(2,13):4.123106

(0,23),(1,23):0
(1,12),(1,13):4.123106

(0,22),(0,21):0

(0,22),(1,22):0
(14,9),(15,9):4.472136

(1,23),(2,23):0

(0,21),(1,21):0

82576

(12,6),(13,6):5

(14,16),(14,17):5

(13,0),(14,0):5

(12,18),(13,18):5

(1,22),(2,22):0

(12,1),(13,1):5

(2,23),(3,23):0

(3,12),(3,13):5

(1,21),(2,21):0

(14,0),(14,1):5.656854

(2,22),(3,22):0

(11,17),(10,17):5.830952

(3,23),(4,23):0

(8,14),(7,14):6.
24555

(2,21),(3,21):0
(8,14),(8,15):6.708204

(3,22),(4,22):0

(14,16),(15,16):7

(4,23),(4,24):0

(16,14),(16,15):7

(2,20),(3,20):0

(12,5),(13,5):7.071068

(3,21),(4,21):0

(10,8),(9,8):7.071068

(4,22),(5,22):0

(12,2),(13,2):7.071068

(4,24),(5,24):0

(1,13),(1,14):7.615773

(3,20),(4,20):0

(11,24),(10,24):7.615773

(4,21),(5,21):0

(0,13),(0,14):7.615773

(3,23),(3,24):0

(6,13),(6,14):7.615773

(5,24),(6,24):0

(14,7),(14,6):7.81025

(12,19),(13,19):8

(11,18),(10,18):8.062258

(4,20),(5,20):0

(3,13),(3,14):8.944272

(5,21),(6,21):0

(11,23),(10,23):8.944272

(12,4),(13,4):9.219544
(4,20),(4,19):0

(10,7),(11,7):9.219544

(5,20),(5,19):0

(9,9),(8,9):9.219544

(5,20),(6,20):0

(12,3),(13,3):9.219544

(6,21),(7,21):0

(5,13),(5,14):9.433981

(5,19),(6,19):0

(2,13),(2,14):9.433981

(6,20),(7,20):0

(7,21),(8,21):0

(11,19),(10,19):9.848858

(7,21),(7,22):0

(11,21),(10,21):9.848858

(6,19),(6,18):0

(11,20),(10,20):9.848858

(6,19),(7,19):0

(11,22),(10,22):9.848858

(4,19),(4,18):0

(14,8),(15,8):9.899495

(5,19),(5,18):0

(7,11),(7,10):9.899495

(1,24),(2,24):0

(14,17),(14,18):10

(1,21),(1,20):0

(4,13),(4,14):10.29563

(0,21),(0,20):0

(12,20),(13,20):12

(4,18),(4,17):0

(17,14),(17,15):12

(4,18),(3,18):1

(15,16),(16,16):12

(6,24),(6,23):1

(12,24),(13,24):12

(7,20),(8,20):1.414214

(12,21),(13,21):13

(1,17),(2,17):1.414214

(12,22),(13,22):13

(6,18),(6,17):1.414214

(14,17),(15,17):13

(4,17),(3,17):1.414214

(12,23),(13,23):13

(8,21),(8,22):2

(13,19),(14,19):16

(7,19),(8,19):2

(10,6),(11,6):16.278821

(7,22),(7,23):2

(6,11),(6,10):17.804494

(6,18),(7,18):7.071068

(18,14),(18,15):18.027756

(8,22),(8,23):9.219544

(10,7),(9,7):19.849433

(6,24),(7,24):9.219544

(8,23),(8,24):15.588457

(6,17),(7,17):20.248457
(9,8),(8,8):21.931712

(8,19),(8,18):20.32
401

(19,14),(19,15):22.02271


(3,17),(3,16):29.427878

(8,9),(7,9):22.627417

(2,17),(2,16):29.427878
(0,11),(0,10):22.671568

(1,11),(1,10):23.430749

(5,17),(5,16):29.495762

(10,1),(11,1):23.430749

(6,17),(6,16):32.388269

(20,14),(20,15):24

(1,17),(1,16):32.526912

(0,17),(0,16):34.4
6377

(7,17),(8,17):38.794329

(13,24),(14,24):25

(7,17),(7,16):39.522146

(10,5),(11,5):25.495098

(8,21),(9,21):54.972721

(13,23),(14,23):26

(13,21),(14,21):26

(13,22),(14,22):27

(5,11),(5,10):27.018512

(2,11),(2,10):30.479501

(10,2),(11,2):30.479501

(10,4),(11,4):31.144823

(4,11),(4,10):32.649655

(10,3),(11,3):33.301652

(3,11),(3,10):34.205263

(0,10),(0,9):51.739733

(16,16),(16,17):52

(14,18),(15,18):53

(17,15),(17,16):55

(18,15),(18,16):118.122817

(18,16),(18,17):105.536723

(18,17),(19,17):26.795522

(24,24),(24,23):0

(19,17),(20,17):8.124038

(24,24),(23,24):0

(24,23),(24,22):0

(24,23),(23,23):0

(21,17),(22,17):8.124038

(24,22),(24,21):0

(20,17),(20,18):9.949874

(24,22),(23,22):0

(20,18),(20,19):4.123106

(23,23),(22,23):0

(20,19),(21,19):0

(24,21),(24,20):0

(20,19),(20,20):2
(24,21),(23,21):0

(20,20),(20,21):0

(23,21),(22,21):0

(20,20),(19,20):0

(23,20),(23,19):0

(20,21),(21,21):0

(23,20),(22,20):0

(20,21),(19,21):0

(22,23),(21,23):0

(19,20),(18,20):0

(24,20),(24,19):0

(21,21),(21,22):0

(21,23),(20,23):0

(20,23),(19,23):0

(19,21),(19,22):0

(19,23),(18,23):0

(18,21),(18,22):0

(19,24),(18,24):0

(18,22),(17,22):0

(18,23),(17,23):0

(18,20),(18,19):1.414214

(18,24),(17,24):0

(20,21),(20,22):1.414214

(23,24),(22,24):1

(18,19),(17,19):1.414214

(23,22),(22,22):1.732051

(20,23),(20,24):2

(21,23),(21,24):2

(23,19),(23,18):13.453624

(20,19),(19,19):2

(24,19),(24,18):21.563859

(21,19),(22,19):2

(17,23),(16,23):28.583212

(21,19),(21,20):2

(17,24),(16,24):31.559468

(24,18),(24,17):36.345564

(22,17),(23,17):16.881943

(22,14),(21,14):0

(24,16),(24,15):65

(24,12),(23,12):1.732051

(24,13),(24,14):2

(18,10),(18,11):13.453624

(23,10),(23,11):14.866069

(22,10),(22,11):16.278821

(19,10),(19,11):16.970563

(23,14),(23,15):19

(21,10),(21,11):19.104973

(20,10),(20,11):19.79899

(22,14),(22,15):22

(17,22),(16,22):28.583212

(16,7),(15,7):138.603752

(17,21),(16,21):28.583212

(16,0),(15,0):147.787009
(18,17),(18,18):32.619013

(18,8),(18,9):152.911739

(17,20),(16,20):32.649655

(20,8),(20,9):158.57175

(17,19),(17,18):32.649655

(19,8),(19,9):158.82695

(17,19),(16,19):38.652296

(22,17),(22,16):58.446557

(21,8),(21,9):159.254513

(23,17),(23,16):105.042848

(15,2),(14,2):180.22486

(0,7),(0,8):119.712155

(15,5),(14,5):180.925399

(8,6),(9,6):129.294238

(22,8),(22,9):181.041432

(6,8),(6,9):132.23464

(16,6),(15,6):186.271308

(1,8),(1,9):139.474012

(16,1),(15,1):187.66193

(7,7),(7,8):140.089257

(23,8),(23,9):232.86262

(8,1),(9,1):140.772867

(15,4),(14,4):237.221416

(7,7),(8,7):141.552111

(15,3),(14,3):237.221416

(4,8),(4,9):142.649921

(3,8),(3,9):142.790056

(24,8),(24,9):238.153312

(2,8),(2,9):144.426452

(8,2),(9,2):144.903416

(8,3),(9,3):145.787517

(8,4),(9,4):146.331815

(16,17),(16,18):149.382061

(16,17),(17,17):149.592781

(8,5),(9,5):149.926649

(5,8),(5,9):149.926649

(14,19),(15,19):161.928997

(19,15),(19,16):167.657389

(14,24),(15,24):180.521467

(0,14),(0,15):185.456194

(7,14),(7,15):186.831475

(20,15),(20,16):187.494

(10,17),(9,17):187.589978

(8,15),(8,16):187.845681

(21,15),(21,16):188.459545

(14,20),(15,20):192.19001

(14,22),(15,22):193.602686

(14,21),(15,21):194.507069

(14,23),(15,23):195.143537

(10,24),(9,24):198.758648

(1,14),(1,15):313.003195

(6,14),(6,15):314.354895

(10,18),(9,18):314.720511

(10,23),(9,23):314.95079

(4,14),(4,15):329.037992

(3,14),(3,15):329.548176

(2,14),(2,15):331.942766

(5,14),(5,15):331.942766

(10,22),(9,22):333.745412

(10,19),(9,19):333.745412

(10,20),(9,20):334.118243

(9,21),(9,20):0
(16,23),(16,22):0
(20,11),(20,12):0
